<?xml version="1.0" encoding="UTF-8" ?>
<testsuite tests="5" failures="0" name="com.dino.mapper.TestMapperTest" time="0.11" errors="0" skipped="0">
  <properties>
[...]
</properties>
  <testcase classname="com.dino.mapper.TestMapperTest" name="testgetOne" time="0.084"/>
  <testcase classname="com.dino.mapper.TestMapperTest" name="testGetList" time="0.013"/>
  <testcase classname="com.dino.mapper.TestMapperTest" name="testDelete" time="0.004"/>
  <testcase classname="com.dino.mapper.TestMapperTest" name="testInsert" time="0.006"/>
  <testcase classname="com.dino.mapper.TestMapperTest" name="testUpdate" time="0.003"/>
</testsuite>